<?xml version="1.0" encoding="UTF-8"?>
<testsuite xmlns:xsi="http://www.w3.org/2001/XMLSchema-instance" xsi:noNamespaceSchemaLocation="https://maven.apache.org/surefire/maven-surefire-plugin/xsd/surefire-test-report.xsd" version="3.0.2" name="com.propertyhub.gateway.ApiGatewayApplicationTests" time="9.011" tests="1" errors="0" skipped="0" failures="0" flakes="0">
  <properties>
[...]
</properties>
  <testcase name="contextLoads" classname="com.propertyhub.gateway.ApiGatewayApplicationTests" time="0.849">
    <system-out><![CDATA[03:20:07.484 [main] INFO org.springframework.test.context.support.AnnotationConfigContextLoaderUtils -- Could not detect default configuration classes for test class [com.propertyhub.gateway.ApiGatewayApplicationTests]: ApiGatewayApplicationTests does not declare any static, non-private, non-final, nested classes annotated with @Configuration.
03:20:07.698 [main] INFO org.springframework.boot.test.context.SpringBootTestContextBootstrapper -- Found @SpringBootConfiguration com.propertyhub.gateway.ApiGatewayApplication for test class com.propertyhub.gateway.ApiGatewayApplicationTests
03:20:07.808 [main] INFO org.springframework.test.context.support.AnnotationConfigContextLoaderUtils -- Could not detect default configuration classes for test class [com.propertyhub.gateway.ApiGatewayApplicationTests]: ApiGatewayApplicationTests does not declare any static, non-private, non-final, nested classes annotated with @Configuration.
03:20:07.810 [main] INFO org.springframework.boot.test.context.SpringBootTestContextBootstrapper -- Found @SpringBootConfiguration com.propertyhub.gateway.ApiGatewayApplication for test class com.propertyhub.gateway.ApiGatewayApplicationTests

  .   ____          _            __ _ _
 /\\ / ___'_ __ _ _(_)_ __  __ _ \ \ \ \
( ( )\___ | '_ | '_| | '_ \/ _` | \ \ \ \
 \\/  ___)| |_)| | | | | || (_| |  ) ) ) )
  '  |____| .__|_| |_|_| |_\__, | / / / /
 =========|_|==============|___/=/_/_/_/

 :: Spring Boot ::                (v4.1.0)

2026-08-20T03:20:08.732+05:30  INFO 30348 --- [api-gateway] [           main] c.p.gateway.ApiGatewayApplicationTests   : Starting ApiGatewayApplicationTests using Java 21.0.11 with PID 30348 (started by AP's_Lappy in D:\PropertyHub\api-gateway)
2026-08-20T03:20:08.735+05:30  INFO 30348 --- [api-gateway] [           main] c.p.gateway.ApiGatewayApplicationTests   : No active profile set, falling back to 1 default profile: "default"
2026-08-20T03:20:10.999+05:30  INFO 30348 --- [api-gateway] [           main] o.s.cloud.context.scope.GenericScope     : BeanFactory id=0b5981d8-cbb3-30e7-868c-426660fd3b97
2026-08-20T03:20:13.673+05:30  INFO 30348 --- [api-gateway] [           main] DiscoveryClientOptionalArgsConfiguration : Eureka HTTP Client uses RestClient.
2026-08-20T03:20:14.331+05:30  WARN 30348 --- [api-gateway] [           main] iguration$LoadBalancerCaffeineWarnLogger : Spring Cloud LoadBalancer is currently working with the default cache. While this cache implementation is useful for development and tests, it's recommended to use Caffeine cache in production.You can switch to using Caffeine cache, by adding it and org.springframework.cache.caffeine.CaffeineCacheManager to the classpath.
2026-08-20T03:20:14.367+05:30  INFO 30348 --- [api-gateway] [           main] o.s.b.a.e.web.EndpointLinksResolver      : Exposing 2 endpoints beneath base path '/actuator'
2026-08-20T03:20:14.500+05:30  INFO 30348 --- [api-gateway] [           main] o.s.c.n.eureka.InstanceInfoFactory       : Setting initial instance status as: STARTING
2026-08-20T03:20:14.551+05:30  INFO 30348 --- [api-gateway] [           main] com.netflix.discovery.DiscoveryClient    : Initializing Eureka in region us-east-1
2026-08-20T03:20:14.559+05:30  INFO 30348 --- [api-gateway] [           main] c.n.d.s.r.aws.ConfigClusterResolver      : Resolving eureka endpoints via configuration
2026-08-20T03:20:14.577+05:30  INFO 30348 --- [api-gateway] [           main] com.netflix.discovery.DiscoveryClient    : Disable delta property : false
2026-08-20T03:20:14.577+05:30  INFO 30348 --- [api-gateway] [           main] com.netflix.discovery.DiscoveryClient    : Single vip registry refresh property : null
2026-08-20T03:20:14.578+05:30  INFO 30348 --- [api-gateway] [           main] com.netflix.discovery.DiscoveryClient    : Force full registry fetch : false
2026-08-20T03:20:14.578+05:30  INFO 30348 --- [api-gateway] [           main] com.netflix.discovery.DiscoveryClient    : Application is null : false
2026-08-20T03:20:14.579+05:30  INFO 30348 --- [api-gateway] [           main] com.netflix.discovery.DiscoveryClient    : Registered Applications size is zero : true
2026-08-20T03:20:14.579+05:30  INFO 30348 --- [api-gateway] [           main] com.netflix.discovery.DiscoveryClient    : Application version is -1: true
2026-08-20T03:20:14.579+05:30  INFO 30348 --- [api-gateway] [           main] com.netflix.discovery.DiscoveryClient    : Getting all instance registry info from the eureka server
2026-08-20T03:20:14.918+05:30  INFO 30348 --- [api-gateway] [           main] com.netflix.discovery.DiscoveryClient    : The response status is 200
2026-08-20T03:20:14.920+05:30  INFO 30348 --- [api-gateway] [           main] com.netflix.discovery.DiscoveryClient    : Starting heartbeat executor: renew interval is: 30
2026-08-20T03:20:14.922+05:30  INFO 30348 --- [api-gateway] [           main] c.n.discovery.InstanceInfoReplicator     : InstanceInfoReplicator onDemand update allowed rate per min is 4
2026-08-20T03:20:14.925+05:30  INFO 30348 --- [api-gateway] [           main] com.netflix.discovery.DiscoveryClient    : Discovery Client initialized at timestamp 1787176214924 with initial instances count: 1
2026-08-20T03:20:14.930+05:30  INFO 30348 --- [api-gateway] [           main] o.s.c.n.e.s.EurekaServiceRegistry        : Registering application API-GATEWAY with eureka with status UP
2026-08-20T03:20:14.931+05:30  INFO 30348 --- [api-gateway] [           main] com.netflix.discovery.DiscoveryClient    : Saw local status change event StatusChangeEvent [timestamp=1787176214931, current=UP, previous=STARTING]
2026-08-20T03:20:14.933+05:30  INFO 30348 --- [api-gateway] [foReplicator-%d] com.netflix.discovery.DiscoveryClient    : DiscoveryClient_API-GATEWAY/SuperAP.mshome.net:api-gateway:8080: registering service...
2026-08-20T03:20:14.953+05:30  INFO 30348 --- [api-gateway] [           main] c.p.gateway.ApiGatewayApplicationTests   : Started ApiGatewayApplicationTests in 6.808 seconds (process running for 9.137)
2026-08-20T03:20:15.034+05:30  INFO 30348 --- [api-gateway] [foReplicator-%d] com.netflix.discovery.DiscoveryClient    : DiscoveryClient_API-GATEWAY/SuperAP.mshome.net:api-gateway:8080 - registration status: 204
]]></system-out>
    <system-err><![CDATA[Mockito is currently self-attaching to enable the inline-mock-maker. This will no longer work in future releases of the JDK. Please add Mockito as an agent to your build as described in Mockito's documentation: https://javadoc.io/doc/org.mockito/mockito-core/latest/org.mockito/org/mockito/Mockito.html#0.3
WARNING: A Java agent has been loaded dynamically (C:\Users\A\.m2\repository\net\bytebuddy\byte-buddy-agent\1.18.10\byte-buddy-agent-1.18.10.jar)
WARNING: If a serviceability tool is in use, please run with -XX:+EnableDynamicAgentLoading to hide this warning
WARNING: If a serviceability tool is not in use, please run with -Djdk.instrument.traceUsage for more information
WARNING: Dynamic loading of agents will be disallowed by default in a future release
]]></system-err>
  </testcase>
</testsuite>