<?xml version="1.0" encoding="UTF-8"?>
<testsuite xmlns:xsi="http://www.w3.org/2001/XMLSchema-instance" xsi:noNamespaceSchemaLocation="https://maven.apache.org/surefire/maven-surefire-plugin/xsd/surefire-test-report.xsd" version="3.0.2" name="com.propertyhub.eureka.EurekaServerApplicationTests" time="8.978" tests="1" errors="0" skipped="0" failures="0" flakes="0">
  <properties>
[...]
</properties>
  <testcase name="contextLoads" classname="com.propertyhub.eureka.EurekaServerApplicationTests" time="0.96">
    <system-out><![CDATA[02:50:20.572 [main] INFO org.springframework.test.context.support.AnnotationConfigContextLoaderUtils -- Could not detect default configuration classes for test class [com.propertyhub.eureka.EurekaServerApplicationTests]: EurekaServerApplicationTests does not declare any static, non-private, non-final, nested classes annotated with @Configuration.
02:50:20.740 [main] INFO org.springframework.boot.test.context.SpringBootTestContextBootstrapper -- Found @SpringBootConfiguration com.propertyhub.eureka.EurekaServerApplication for test class com.propertyhub.eureka.EurekaServerApplicationTests
02:50:20.868 [main] INFO org.springframework.test.context.support.AnnotationConfigContextLoaderUtils -- Could not detect default configuration classes for test class [com.propertyhub.eureka.EurekaServerApplicationTests]: EurekaServerApplicationTests does not declare any static, non-private, non-final, nested classes annotated with @Configuration.
02:50:20.870 [main] INFO org.springframework.boot.test.context.SpringBootTestContextBootstrapper -- Found @SpringBootConfiguration com.propertyhub.eureka.EurekaServerApplication for test class com.propertyhub.eureka.EurekaServerApplicationTests

  .   ____          _            __ _ _
 /\\ / ___'_ __ _ _(_)_ __  __ _ \ \ \ \
( ( )\___ | '_ | '_| | '_ \/ _` | \ \ \ \
 \\/  ___)| |_)| | | | | || (_| |  ) ) ) )
  '  |____| .__|_| |_|_| |_\__, | / / / /
 =========|_|==============|___/=/_/_/_/

 :: Spring Boot ::                (v4.1.0)

2026-08-20T02:50:21.870+05:30  INFO 26476 --- [eureka-server] [           main] c.p.eureka.EurekaServerApplicationTests  : Starting EurekaServerApplicationTests using Java 21.0.11 with PID 26476 (started by AP's_Lappy in D:\PropertyHub\eureka-server)
2026-08-20T02:50:21.873+05:30  INFO 26476 --- [eureka-server] [           main] c.p.eureka.EurekaServerApplicationTests  : No active profile set, falling back to 1 default profile: "default"
2026-08-20T02:50:23.896+05:30  INFO 26476 --- [eureka-server] [           main] o.s.cloud.context.scope.GenericScope     : BeanFactory id=f19d5234-d4cd-3082-8268-1d2ec05969e4
2026-08-20T02:50:24.730+05:30  INFO 26476 --- [eureka-server] [           main] o.s.v.b.OptionalValidatorFactoryBean     : Failed to set up a Bean Validation provider: jakarta.validation.NoProviderFoundException: Unable to create a Configuration, because no Jakarta Validation provider could be found. Add a provider like Hibernate Validator (RI) to your classpath.
2026-08-20T02:50:26.489+05:30  WARN 26476 --- [eureka-server] [           main] iguration$LoadBalancerCaffeineWarnLogger : Spring Cloud LoadBalancer is currently working with the default cache. While this cache implementation is useful for development and tests, it's recommended to use Caffeine cache in production.You can switch to using Caffeine cache, by adding it and org.springframework.cache.caffeine.CaffeineCacheManager to the classpath.
2026-08-20T02:50:26.881+05:30  INFO 26476 --- [eureka-server] [           main] o.s.c.n.eureka.InstanceInfoFactory       : Setting initial instance status as: STARTING
2026-08-20T02:50:26.925+05:30  INFO 26476 --- [eureka-server] [           main] com.netflix.discovery.DiscoveryClient    : Initializing Eureka in region us-east-1
2026-08-20T02:50:26.926+05:30  INFO 26476 --- [eureka-server] [           main] com.netflix.discovery.DiscoveryClient    : Client configured to neither register nor query for data.
2026-08-20T02:50:26.932+05:30  INFO 26476 --- [eureka-server] [           main] com.netflix.discovery.DiscoveryClient    : Discovery Client initialized at timestamp 1787174426929 with initial instances count: 0
2026-08-20T02:50:27.071+05:30  INFO 26476 --- [eureka-server] [           main] c.n.eureka.DefaultEurekaServerContext    : Initializing ...
2026-08-20T02:50:27.075+05:30  INFO 26476 --- [eureka-server] [           main] c.n.eureka.cluster.PeerEurekaNodes       : Adding new peer nodes [http://localhost:8761/eureka/]
2026-08-20T02:50:27.463+05:30  INFO 26476 --- [eureka-server] [           main] c.n.d.provider.DiscoveryJerseyProvider   : Using JSON encoding codec LegacyJacksonJson
2026-08-20T02:50:27.463+05:30  INFO 26476 --- [eureka-server] [           main] c.n.d.provider.DiscoveryJerseyProvider   : Using JSON decoding codec LegacyJacksonJson
2026-08-20T02:50:27.463+05:30  INFO 26476 --- [eureka-server] [           main] c.n.d.provider.DiscoveryJerseyProvider   : Using XML encoding codec XStreamXml
2026-08-20T02:50:27.464+05:30  INFO 26476 --- [eureka-server] [           main] c.n.d.provider.DiscoveryJerseyProvider   : Using XML decoding codec XStreamXml
2026-08-20T02:50:27.579+05:30  INFO 26476 --- [eureka-server] [           main] c.n.eureka.cluster.PeerEurekaNodes       : Replica node URL:  http://localhost:8761/eureka/
2026-08-20T02:50:27.592+05:30  INFO 26476 --- [eureka-server] [           main] c.n.e.registry.AbstractInstanceRegistry  : Finished initializing remote region registries. All known remote regions: []
2026-08-20T02:50:27.593+05:30  INFO 26476 --- [eureka-server] [           main] c.n.eureka.DefaultEurekaServerContext    : Initialized
2026-08-20T02:50:27.771+05:30  INFO 26476 --- [eureka-server] [           main] o.s.b.a.e.web.EndpointLinksResolver      : Exposing 2 endpoints beneath base path '/actuator'
2026-08-20T02:50:27.916+05:30  INFO 26476 --- [eureka-server] [           main] o.s.c.n.e.s.EurekaServiceRegistry        : Registering application EUREKA-SERVER with eureka with status UP
2026-08-20T02:50:27.941+05:30  INFO 26476 --- [eureka-server] [           main] c.p.eureka.EurekaServerApplicationTests  : Started EurekaServerApplicationTests in 6.652 seconds (process running for 9.13)
2026-08-20T02:50:27.957+05:30  INFO 26476 --- [eureka-server] [      Thread-10] o.s.c.n.e.server.EurekaServerBootstrap   : isAws returned false
2026-08-20T02:50:27.959+05:30  INFO 26476 --- [eureka-server] [      Thread-10] o.s.c.n.e.server.EurekaServerBootstrap   : Initialized server context
2026-08-20T02:50:27.960+05:30  INFO 26476 --- [eureka-server] [      Thread-10] c.n.e.r.PeerAwareInstanceRegistryImpl    : Got 1 instances from neighboring DS node
2026-08-20T02:50:27.960+05:30  INFO 26476 --- [eureka-server] [      Thread-10] c.n.e.r.PeerAwareInstanceRegistryImpl    : Renew threshold is: 1
2026-08-20T02:50:27.960+05:30  INFO 26476 --- [eureka-server] [      Thread-10] c.n.e.r.PeerAwareInstanceRegistryImpl    : Changing status to UP
2026-08-20T02:50:27.967+05:30  INFO 26476 --- [eureka-server] [      Thread-10] e.s.EurekaServerInitializerConfiguration : Started Eureka Server
]]></system-out>
    <system-err><![CDATA[Mockito is currently self-attaching to enable the inline-mock-maker. This will no longer work in future releases of the JDK. Please add Mockito as an agent to your build as described in Mockito's documentation: https://javadoc.io/doc/org.mockito/mockito-core/latest/org.mockito/org/mockito/Mockito.html#0.3
WARNING: A Java agent has been loaded dynamically (C:\Users\A\.m2\repository\net\bytebuddy\byte-buddy-agent\1.18.10\byte-buddy-agent-1.18.10.jar)
WARNING: If a serviceability tool is in use, please run with -XX:+EnableDynamicAgentLoading to hide this warning
WARNING: If a serviceability tool is not in use, please run with -Djdk.instrument.traceUsage for more information
WARNING: Dynamic loading of agents will be disallowed by default in a future release
]]></system-err>
  </testcase>
</testsuite>