<?xml version="1.0" encoding="UTF-8"?>
<testsuite xmlns:xsi="http://www.w3.org/2001/XMLSchema-instance" xsi:noNamespaceSchemaLocation="https://maven.apache.org/surefire/maven-surefire-plugin/xsd/surefire-test-report.xsd" version="3.0.2" name="com.propertyhub.ai.AiServiceApplicationTests" time="5.069" tests="1" errors="0" skipped="0" failures="0" flakes="0">
  <properties>
[...]
</properties>
  <testcase name="contextLoads" classname="com.propertyhub.ai.AiServiceApplicationTests" time="0.608">
    <system-out><![CDATA[06:19:55.390 [main] INFO org.springframework.test.context.support.AnnotationConfigContextLoaderUtils -- Could not detect default configuration classes for test class [com.propertyhub.ai.AiServiceApplicationTests]: AiServiceApplicationTests does not declare any static, non-private, non-final, nested classes annotated with @Configuration.
06:19:55.494 [main] INFO org.springframework.boot.test.context.SpringBootTestContextBootstrapper -- Found @SpringBootConfiguration com.propertyhub.ai.AiServiceApplication for test class com.propertyhub.ai.AiServiceApplicationTests
06:19:55.574 [main] INFO org.springframework.test.context.support.AnnotationConfigContextLoaderUtils -- Could not detect default configuration classes for test class [com.propertyhub.ai.AiServiceApplicationTests]: AiServiceApplicationTests does not declare any static, non-private, non-final, nested classes annotated with @Configuration.
06:19:55.576 [main] INFO org.springframework.boot.test.context.SpringBootTestContextBootstrapper -- Found @SpringBootConfiguration com.propertyhub.ai.AiServiceApplication for test class com.propertyhub.ai.AiServiceApplicationTests

  .   ____          _            __ _ _
 /\\ / ___'_ __ _ _(_)_ __  __ _ \ \ \ \
( ( )\___ | '_ | '_| | '_ \/ _` | \ \ \ \
 \\/  ___)| |_)| | | | | || (_| |  ) ) ) )
  '  |____| .__|_| |_|_| |_\__, | / / / /
 =========|_|==============|___/=/_/_/_/

 :: Spring Boot ::                (v4.1.0)

2026-08-20T06:19:56.177+05:30  INFO 22668 --- [ai-service] [           main] c.p.ai.AiServiceApplicationTests         : Starting AiServiceApplicationTests using Java 21.0.11 with PID 22668 (started by AP's_Lappy in D:\PropertyHub\ai-service)
2026-08-20T06:19:56.181+05:30  INFO 22668 --- [ai-service] [           main] c.p.ai.AiServiceApplicationTests         : No active profile set, falling back to 1 default profile: "default"
2026-08-20T06:19:57.368+05:30  INFO 22668 --- [ai-service] [           main] o.s.cloud.context.scope.GenericScope     : BeanFactory id=49ea5c94-2bec-3c32-94dc-41c58a7e4b91
2026-08-20T06:19:57.945+05:30  INFO 22668 --- [ai-service] [           main] o.s.c.openfeign.FeignClientFactoryBean   : For 'property-service' URL not provided. Will try picking an instance via load-balancing.
2026-08-20T06:19:58.842+05:30  INFO 22668 --- [ai-service] [           main] DiscoveryClientOptionalArgsConfiguration : Eureka HTTP Client uses RestClient.
2026-08-20T06:19:58.896+05:30  WARN 22668 --- [ai-service] [           main] iguration$LoadBalancerCaffeineWarnLogger : Spring Cloud LoadBalancer is currently working with the default cache. While this cache implementation is useful for development and tests, it's recommended to use Caffeine cache in production.You can switch to using Caffeine cache, by adding it and org.springframework.cache.caffeine.CaffeineCacheManager to the classpath.
2026-08-20T06:19:58.930+05:30  INFO 22668 --- [ai-service] [           main] o.s.b.a.e.web.EndpointLinksResolver      : Exposing 2 endpoints beneath base path '/actuator'
2026-08-20T06:19:59.009+05:30  INFO 22668 --- [ai-service] [           main] o.s.c.n.eureka.InstanceInfoFactory       : Setting initial instance status as: STARTING
2026-08-20T06:19:59.043+05:30  INFO 22668 --- [ai-service] [           main] com.netflix.discovery.DiscoveryClient    : Initializing Eureka in region us-east-1
2026-08-20T06:19:59.048+05:30  INFO 22668 --- [ai-service] [           main] c.n.d.s.r.aws.ConfigClusterResolver      : Resolving eureka endpoints via configuration
2026-08-20T06:19:59.063+05:30  INFO 22668 --- [ai-service] [           main] com.netflix.discovery.DiscoveryClient    : Disable delta property : false
2026-08-20T06:19:59.064+05:30  INFO 22668 --- [ai-service] [           main] com.netflix.discovery.DiscoveryClient    : Single vip registry refresh property : null
2026-08-20T06:19:59.064+05:30  INFO 22668 --- [ai-service] [           main] com.netflix.discovery.DiscoveryClient    : Force full registry fetch : false
2026-08-20T06:19:59.064+05:30  INFO 22668 --- [ai-service] [           main] com.netflix.discovery.DiscoveryClient    : Application is null : false
2026-08-20T06:19:59.064+05:30  INFO 22668 --- [ai-service] [           main] com.netflix.discovery.DiscoveryClient    : Registered Applications size is zero : true
2026-08-20T06:19:59.064+05:30  INFO 22668 --- [ai-service] [           main] com.netflix.discovery.DiscoveryClient    : Application version is -1: true
2026-08-20T06:19:59.064+05:30  INFO 22668 --- [ai-service] [           main] com.netflix.discovery.DiscoveryClient    : Getting all instance registry info from the eureka server
2026-08-20T06:19:59.456+05:30  INFO 22668 --- [ai-service] [           main] com.netflix.discovery.DiscoveryClient    : The response status is 200
2026-08-20T06:19:59.458+05:30  INFO 22668 --- [ai-service] [           main] com.netflix.discovery.DiscoveryClient    : Starting heartbeat executor: renew interval is: 30
2026-08-20T06:19:59.460+05:30  INFO 22668 --- [ai-service] [           main] c.n.discovery.InstanceInfoReplicator     : InstanceInfoReplicator onDemand update allowed rate per min is 4
2026-08-20T06:19:59.462+05:30  INFO 22668 --- [ai-service] [           main] com.netflix.discovery.DiscoveryClient    : Discovery Client initialized at timestamp 1787186999461 with initial instances count: 0
2026-08-20T06:19:59.465+05:30  INFO 22668 --- [ai-service] [           main] o.s.c.n.e.s.EurekaServiceRegistry        : Registering application AI-SERVICE with eureka with status UP
2026-08-20T06:19:59.466+05:30  INFO 22668 --- [ai-service] [           main] com.netflix.discovery.DiscoveryClient    : Saw local status change event StatusChangeEvent [timestamp=1787186999466, current=UP, previous=STARTING]
2026-08-20T06:19:59.468+05:30  INFO 22668 --- [ai-service] [foReplicator-%d] com.netflix.discovery.DiscoveryClient    : DiscoveryClient_AI-SERVICE/SuperAP.mshome.net:ai-service:8083: registering service...
2026-08-20T06:19:59.478+05:30  INFO 22668 --- [ai-service] [           main] c.p.ai.AiServiceApplicationTests         : Started AiServiceApplicationTests in 3.679 seconds (process running for 5.055)
2026-08-20T06:19:59.529+05:30  INFO 22668 --- [ai-service] [foReplicator-%d] com.netflix.discovery.DiscoveryClient    : DiscoveryClient_AI-SERVICE/SuperAP.mshome.net:ai-service:8083 - registration status: 204
]]></system-out>
    <system-err><![CDATA[Mockito is currently self-attaching to enable the inline-mock-maker. This will no longer work in future releases of the JDK. Please add Mockito as an agent to your build as described in Mockito's documentation: https://javadoc.io/doc/org.mockito/mockito-core/latest/org.mockito/org/mockito/Mockito.html#0.3
WARNING: A Java agent has been loaded dynamically (C:\Users\A\.m2\repository\net\bytebuddy\byte-buddy-agent\1.18.10\byte-buddy-agent-1.18.10.jar)
WARNING: If a serviceability tool is in use, please run with -XX:+EnableDynamicAgentLoading to hide this warning
WARNING: If a serviceability tool is not in use, please run with -Djdk.instrument.traceUsage for more information
WARNING: Dynamic loading of agents will be disallowed by default in a future release
]]></system-err>
  </testcase>
</testsuite>