<?xml version="1.0" encoding="UTF-8"?>
<testsuite xmlns:xsi="http://www.w3.org/2001/XMLSchema-instance" xsi:noNamespaceSchemaLocation="https://maven.apache.org/surefire/maven-surefire-plugin/xsd/surefire-test-report.xsd" version="3.0.2" name="com.propertyhub.ai.controller.AiChatControllerTest" time="1.802" tests="3" errors="0" skipped="0" failures="0" flakes="0">
  <properties>
[...]
</properties>
  <testcase name="returns400OnBlankMessage" classname="com.propertyhub.ai.controller.AiChatControllerTest" time="0.756">
    <system-out><![CDATA[2026-08-20T22:38:19.346+05:30  INFO 31732 --- [ai-service] [           main] t.c.s.AnnotationConfigContextLoaderUtils : Could not detect default configuration classes for test class [com.propertyhub.ai.controller.AiChatControllerTest]: AiChatControllerTest does not declare any static, non-private, non-final, nested classes annotated with @Configuration.
2026-08-20T22:38:19.391+05:30  INFO 31732 --- [ai-service] [           main] .b.t.c.SpringBootTestContextBootstrapper : Found @SpringBootConfiguration com.propertyhub.ai.AiServiceApplication for test class com.propertyhub.ai.controller.AiChatControllerTest
2026-08-20T22:38:19.393+05:30  INFO 31732 --- [ai-service] [           main] t.c.s.AnnotationConfigContextLoaderUtils : Could not detect default configuration classes for test class [com.propertyhub.ai.controller.AiChatControllerTest]: AiChatControllerTest does not declare any static, non-private, non-final, nested classes annotated with @Configuration.
2026-08-20T22:38:19.409+05:30  INFO 31732 --- [ai-service] [           main] .b.t.c.SpringBootTestContextBootstrapper : Found @SpringBootConfiguration com.propertyhub.ai.AiServiceApplication for test class com.propertyhub.ai.controller.AiChatControllerTest
2026-08-20T22:38:19.418+05:30  INFO 31732 --- [ai-service] [           main] o.s.c.n.e.s.EurekaServiceRegistry        : Unregistering application AI-SERVICE with eureka with status DOWN
2026-08-20T22:38:19.419+05:30  INFO 31732 --- [ai-service] [           main] com.netflix.discovery.DiscoveryClient    : Saw local status change event StatusChangeEvent [timestamp=1787245699418, current=DOWN, previous=UP]
2026-08-20T22:38:19.419+05:30  INFO 31732 --- [ai-service] [foReplicator-%d] com.netflix.discovery.DiscoveryClient    : DiscoveryClient_AI-SERVICE/SuperAP.mshome.net:ai-service:8083: registering service...

  .   ____          _            __ _ _
 /\\ / ___'_ __ _ _(_)_ __  __ _ \ \ \ \
( ( )\___ | '_ | '_| | '_ \/ _` | \ \ \ \
 \\/  ___)| |_)| | | | | || (_| |  ) ) ) )
  '  |____| .__|_| |_|_| |_\__, | / / / /
 =========|_|==============|___/=/_/_/_/

 :: Spring Boot ::                (v4.1.0)

2026-08-20T22:38:19.462+05:30  INFO 31732 --- [ai-service] [           main] c.p.ai.controller.AiChatControllerTest   : Starting AiChatControllerTest using Java 21.0.11 with PID 31732 (started by AP's_Lappy in D:\PropertyHub\ai-service)
2026-08-20T22:38:19.462+05:30  INFO 31732 --- [ai-service] [           main] c.p.ai.controller.AiChatControllerTest   : No active profile set, falling back to 1 default profile: "default"
2026-08-20T22:38:20.223+05:30  INFO 31732 --- [ai-service] [           main] o.s.b.t.m.w.SpringBootMockServletContext : Initializing Spring TestDispatcherServlet ''
2026-08-20T22:38:20.224+05:30  INFO 31732 --- [ai-service] [           main] o.s.t.web.servlet.TestDispatcherServlet  : Initializing Servlet ''
2026-08-20T22:38:20.234+05:30  INFO 31732 --- [ai-service] [           main] o.s.t.web.servlet.TestDispatcherServlet  : Completed initialization in 5 ms
2026-08-20T22:38:20.281+05:30  INFO 31732 --- [ai-service] [           main] c.p.ai.controller.AiChatControllerTest   : Started AiChatControllerTest in 0.86 seconds (process running for 9.144)
]]></system-out>
  </testcase>
  <testcase name="returns200OnValidRequirementExtraction" classname="com.propertyhub.ai.controller.AiChatControllerTest" time="0.061"/>
  <testcase name="returns200OnValidMessage" classname="com.propertyhub.ai.controller.AiChatControllerTest" time="0.015"/>
</testsuite>